# JRE version: Java(TM) SE Runtime Environment (8.0_251-b08) (build 1.8.0_251-b08)
# Java VM: Java HotSpot(TM) Client VM (25.251-b08 mixed mode windows-x86 )
Heap:
 def new generation   total 4928K, used 4842K [0x04c00000, 0x05150000, 0x0a150000)
  eden space 4416K,  98% used [0x04c00000, 0x0503b2f0, 0x05050000)
  from space 512K,  99% used [0x05050000, 0x050cf790, 0x050d0000)
  to   space 512K,   0% used [0x050d0000, 0x050d0000, 0x05150000)
 tenured generation   total 10944K, used 5034K [0x0a150000, 0x0ac00000, 0x14c00000)
   the space 10944K,  46% used [0x0a150000, 0x0a63ab68, 0x0a63ac00, 0x0ac00000)
 Metaspace       used 10715K, capacity 11263K, committed 11264K, reserved 11648K
GC Heap History (10 events):
Event: 1.908 GC heap before
{Heap before GC invocations=11 (full 0):
 def new generation   total 4928K, used 4900K [0x04c00000, 0x05150000, 0x0a150000)
  eden space 4416K, 100% used [0x04c00000, 0x05050000, 0x05050000)
  from space 512K,  94% used [0x050d0000, 0x05149258, 0x05150000)
  to   space 512K,   0% used [0x05050000, 0x05050000, 0x050d0000)
 tenured generation   total 10944K, used 4155K [0x0a150000, 0x0ac00000, 0x14c00000)
   the space 10944K,  37% used [0x0a150000, 0x0a55ef00, 0x0a55f000, 0x0ac00000)
 Metaspace       used 8949K, capacity 9268K, committed 9344K, reserved 9600K
Event: 1.910 GC heap after
Heap after GC invocations=12 (full 0):
 def new generation   total 4928K, used 454K [0x04c00000, 0x05150000, 0x0a150000)
  eden space 4416K,   0% used [0x04c00000, 0x04c00000, 0x05050000)
  from space 512K,  88% used [0x05050000, 0x050c1be0, 0x050d0000)
  to   space 512K,   0% used [0x050d0000, 0x050d0000, 0x05150000)
 tenured generation   total 10944K, used 4328K [0x0a150000, 0x0ac00000, 0x14c00000)
   the space 10944K,  39% used [0x0a150000, 0x0a58a1c8, 0x0a58a200, 0x0ac00000)
 Metaspace       used 8949K, capacity 9268K, committed 9344K, reserved 9600K
}
Event: 1.968 GC heap before
{Heap before GC invocations=12 (full 0):
 def new generation   total 4928K, used 4870K [0x04c00000, 0x05150000, 0x0a150000)
  eden space 4416K, 100% used [0x04c00000, 0x05050000, 0x05050000)
  from space 512K,  88% used [0x05050000, 0x050c1be0, 0x050d0000)
  to   space 512K,   0% used [0x050d0000, 0x050d0000, 0x05150000)
 tenured generation   total 10944K, used 4328K [0x0a150000, 0x0ac00000, 0x14c00000)
   the space 10944K,  39% used [0x0a150000, 0x0a58a1c8, 0x0a58a200, 0x0ac00000)
 Metaspace       used 9294K, capacity 9714K, committed 9728K, reserved 10624K
Event: 1.970 GC heap after
Heap after GC invocations=13 (full 0):
 def new generation   total 4928K, used 473K [0x04c00000, 0x05150000, 0x0a150000)
  eden space 4416K,   0% used [0x04c00000, 0x04c00000, 0x05050000)
  from space 512K,  92% used [0x050d0000, 0x05146578, 0x05150000)
  to   space 512K,   0% used [0x05050000, 0x05050000, 0x050d0000)
 tenured generation   total 10944K, used 4459K [0x0a150000, 0x0ac00000, 0x14c00000)
   the space 10944K,  40% used [0x0a150000, 0x0a5aafb8, 0x0a5ab000, 0x0ac00000)
 Metaspace       used 9294K, capacity 9714K, committed 9728K, reserved 10624K
}
Event: 2.029 GC heap before
{Heap before GC invocations=13 (full 0):
 def new generation   total 4928K, used 4889K [0x04c00000, 0x05150000, 0x0a150000)
  eden space 4416K, 100% used [0x04c00000, 0x05050000, 0x05050000)
  from space 512K,  92% used [0x050d0000, 0x05146578, 0x05150000)
  to   space 512K,   0% used [0x05050000, 0x05050000, 0x050d0000)
 tenured generation   total 10944K, used 4459K [0x0a150000, 0x0ac00000, 0x14c00000)
   the space 10944K,  40% used [0x0a150000, 0x0a5aafb8, 0x0a5ab000, 0x0ac00000)
 Metaspace       used 9721K, capacity 10238K, committed 10240K, reserved 10624K
Event: 2.031 GC heap after
Heap after GC invocations=14 (full 0):
 def new generation   total 4928K, used 482K [0x04c00000, 0x05150000, 0x0a150000)
  eden space 4416K,   0% used [0x04c00000, 0x04c00000, 0x05050000)
  from space 512K,  94% used [0x05050000, 0x050c8a90, 0x050d0000)
  to   space 512K,   0% used [0x050d0000, 0x050d0000, 0x05150000)
 tenured generation   total 10944K, used 4624K [0x0a150000, 0x0ac00000, 0x14c00000)
   the space 10944K,  42% used [0x0a150000, 0x0a5d4350, 0x0a5d4400, 0x0ac00000)
 Metaspace       used 9721K, capacity 10238K, committed 10240K, reserved 10624K
}
Event: 2.088 GC heap before
{Heap before GC invocations=14 (full 0):
 def new generation   total 4928K, used 4898K [0x04c00000, 0x05150000, 0x0a150000)
  eden space 4416K, 100% used [0x04c00000, 0x05050000, 0x05050000)
  from space 512K,  94% used [0x05050000, 0x050c8a90, 0x050d0000)
  to   space 512K,   0% used [0x050d0000, 0x050d0000, 0x05150000)
 tenured generation   total 10944K, used 4624K [0x0a150000, 0x0ac00000, 0x14c00000)
   the space 10944K,  42% used [0x0a150000, 0x0a5d4350, 0x0a5d4400, 0x0ac00000)
 Metaspace       used 10101K, capacity 10610K, committed 10624K, reserved 10624K
Event: 2.089 GC heap after
Heap after GC invocations=15 (full 0):
 def new generation   total 4928K, used 512K [0x04c00000, 0x05150000, 0x0a150000)
  eden space 4416K,   0% used [0x04c00000, 0x04c00000, 0x05050000)
  from space 512K, 100% used [0x050d0000, 0x05150000, 0x05150000)
  to   space 512K,   0% used [0x05050000, 0x05050000, 0x050d0000)
 tenured generation   total 10944K, used 4848K [0x0a150000, 0x0ac00000, 0x14c00000)
   the space 10944K,  44% used [0x0a150000, 0x0a60c1d0, 0x0a60c200, 0x0ac00000)
 Metaspace       used 10101K, capacity 10610K, committed 10624K, reserved 10624K
}
Event: 5.424 GC heap before
{Heap before GC invocations=15 (full 0):
 def new generation   total 4928K, used 4928K [0x04c00000, 0x05150000, 0x0a150000)
  eden space 4416K, 100% used [0x04c00000, 0x05050000, 0x05050000)
  from space 512K, 100% used [0x050d0000, 0x05150000, 0x05150000)
  to   space 512K,   0% used [0x05050000, 0x05050000, 0x050d0000)
 tenured generation   total 10944K, used 4848K [0x0a150000, 0x0ac00000, 0x14c00000)
   the space 10944K,  44% used [0x0a150000, 0x0a60c1d0, 0x0a60c200, 0x0ac00000)
 Metaspace       used 10466K, capacity 10997K, committed 11008K, reserved 11648K
Event: 5.426 GC heap after
Heap after GC invocations=16 (full 0):
 def new generation   total 4928K, used 509K [0x04c00000, 0x05150000, 0x0a150000)
  eden space 4416K,   0% used [0x04c00000, 0x04c00000, 0x05050000)
  from space 512K,  99% used [0x05050000, 0x050cf790, 0x050d0000)
  to   space 512K,   0% used [0x050d0000, 0x050d0000, 0x05150000)
 tenured generation   total 10944K, used 5034K [0x0a150000, 0x0ac00000, 0x14c00000)
   the space 10944K,  46% used [0x0a150000, 0x0a63ab68, 0x0a63ac00, 0x0ac00000)
 Metaspace       used 10466K, capacity 10997K, committed 11008K, reserved 11648K
}

